<?xml version='1.0' encoding='UTF-8' ?>
<testsuite name="com.example.farmguardian.ExampleInstrumentedTest" tests="1" failures="0" errors="0" skipped="0" time="4.829" timestamp="2024-01-21T22:25:12" hostname="localhost">
  <properties>
    <property name="device" value="SM-A135F - 13" />
    <property name="flavor" value="" />
    <property name="project" value=":app" />
  </properties>
  <testcase name="useAppContext" classname="com.example.farmguardian.ExampleInstrumentedTest" time="0.036" />
</testsuite>